<?xml version="1.0" encoding="UTF-8"?>
<!-- Generated by org.testng.reporters.JUnitReportReporter -->
<testsuite hostname="Keshav-PC" failures="0" tests="1" name="com.log4j.test.LoginTest" time="18.011" errors="0" timestamp="2019-12-24T21:44:01 NZDT" skipped="0">
  <testcase classname="com.log4j.test.LoginTest" name="loginPageTitleTest" time="18.011"/>
</testsuite> <!-- com.log4j.test.LoginTest -->
